<?xml version="1.0" encoding="UTF-8"?>
<!-- Generated by org.testng.reporters.JUnitReportReporter -->
<testsuite hostname="vayisha" failures="0" tests="8" name="com.example.demo.newpro.NewTest5" time="0.026" errors="0" timestamp="2023-05-02T09:40:34 IST" skipped="0">
  <testcase classname="com.example.demo.newpro.NewTest5" name="sub" time="0.001"/>
  <system-out/>
  <testcase classname="com.example.demo.newpro.NewTest5" name="mul" time="0.002"/>
  <system-out/>
  <testcase classname="com.example.demo.newpro.NewTest5" name="add" time="0.002"/>
  <system-out/>
  <testcase classname="com.example.demo.newpro.NewTest5" name="div" time="0.002"/>
  <system-out/>
  <testcase classname="com.example.demo.newpro.NewTest5" name="sub" time="0.003"/>
  <system-out/>
  <testcase classname="com.example.demo.newpro.NewTest5" name="add" time="0.012"/>
  <system-out/>
  <testcase classname="com.example.demo.newpro.NewTest5" name="mul" time="0.002"/>
  <system-out/>
  <testcase classname="com.example.demo.newpro.NewTest5" name="div" time="0.002"/>
  <system-out/>
</testsuite> <!-- com.example.demo.newpro.NewTest5 -->
