<?xml version="1.0" encoding="UTF-8"?>
<!-- Generated by org.testng.reporters.JUnitReportReporter -->
<testsuite hostname="vayisha" failures="0" tests="1" name="com.example.demo.newpro.NewTest4" time="0.012" errors="0" timestamp="2023-04-27T16:16:27 IST" skipped="0">
  <testcase classname="com.example.demo.newpro.NewTest4" name="Test1" time="0.012"/>
  <system-out/>
</testsuite> <!-- com.example.demo.newpro.NewTest4 -->
