<?xml version="1.0" encoding="UTF-8"?>
<!-- Generated by org.testng.reporters.JUnitReportReporter -->
<testsuite hostname="vayisha" failures="0" tests="1" name="com.example.demo.newpro.Testlistener" time="0.015" errors="0" timestamp="2023-05-02T14:57:08 IST" skipped="0">
  <testcase classname="com.example.demo.newpro.Testlistener" name="f" time="0.015"/>
  <system-out/>
</testsuite> <!-- com.example.demo.newpro.Testlistener -->
