<?xml version="1.0" encoding="UTF-8"?>
<!-- Generated by org.testng.reporters.JUnitReportReporter -->
<testsuite hostname="vayisha" failures="0" tests="1" name="NewTest" time="9.965" errors="0" timestamp="2023-04-27T11:32:37 IST" skipped="0">
  <testcase classname="NewTest" name="f" time="9.965"/>
  <system-out/>
</testsuite> <!-- NewTest -->
