<?xml version="1.0" encoding="UTF-8"?>
<!-- Generated by org.testng.reporters.JUnitReportReporter -->
<testsuite hostname="vayisha" failures="0" tests="1" name="com.example.demo.newpro.NewTest2" time="1.562" errors="0" timestamp="2023-04-27T12:44:47 IST" skipped="0">
  <testcase classname="com.example.demo.newpro.NewTest2" name="f" time="1.562"/>
  <system-out/>
</testsuite> <!-- com.example.demo.newpro.NewTest2 -->
