<?xml version="1.0" encoding="UTF-8"?>
<!-- Generated by org.testng.reporters.JUnitReportReporter -->
<testsuite hostname="vayisha" failures="0" tests="1" name="com.example.demo.newpro.TestListenerSample" time="22.454" errors="0" timestamp="2023-05-02T15:12:50 IST" skipped="0">
  <testcase classname="com.example.demo.newpro.TestListenerSample" name="f" time="22.454"/>
  <system-out/>
</testsuite> <!-- com.example.demo.newpro.TestListenerSample -->
