<?xml version="1.0" encoding="UTF-8"?>
<!-- Generated by org.testng.reporters.JUnitReportReporter -->
<testsuite hostname="vayisha" failures="0" tests="1" name="com.example.demo.newpro.NewTest6" time="33.559" errors="0" timestamp="2023-05-02T14:28:47 IST" skipped="0">
  <testcase classname="com.example.demo.newpro.NewTest6" name="TC3" time="33.559"/>
  <system-out/>
</testsuite> <!-- com.example.demo.newpro.NewTest6 -->
