<?xml version="1.0" encoding="UTF-8"?>
<!-- Generated by org.testng.reporters.JUnitReportReporter -->
<testsuite hostname="vayisha" failures="0" tests="2" name="com.example.demo.newpro.NewTest3" time="48.160" errors="0" timestamp="2023-04-27T14:54:31 IST" skipped="0">
  <testcase classname="com.example.demo.newpro.NewTest3" name="TC1" time="39.538"/>
  <system-out/>
  <testcase classname="com.example.demo.newpro.NewTest3" name="TC2" time="8.622"/>
  <system-out/>
</testsuite> <!-- com.example.demo.newpro.NewTest3 -->
